<?xml version="1.0" encoding="UTF-8"?>
<!-- Generated by org.testng.reporters.JUnitReportReporter -->
<testsuite skipped="0" hostname="Mahesh-PC" name="com.stc.jan2023.FirstTest" tests="1" failures="0" timestamp="2023-01-08T21:17:26 IST" time="0.017" errors="0">
  <testcase name="f" time="0.017" classname="com.stc.jan2023.FirstTest"/>
</testsuite> <!-- com.stc.jan2023.FirstTest -->
