<?xml version="1.0" encoding="UTF-8"?>
<!-- Generated by org.testng.reporters.JUnitReportReporter -->
<testsuite skipped="0" hostname="Mahesh-PC" name="com.stc.jan2023.Launchbrowser" tests="1" failures="0" timestamp="08 Jan 2023 16:37:58 GMT" time="11.220" errors="0">
  <testcase name="f" time="11.220" classname="com.stc.jan2023.Launchbrowser"/>
</testsuite> <!-- com.stc.jan2023.Launchbrowser -->
